
/home/runner/work/exp-angularity-number-coarse-aggregate-dei/exp-angularity-number-coarse-aggregate-dei/experiment/simulation/js/main.js
    5:18  warning  'myTimeout' is not defined                       no-undef
   11:12  warning  'backToStep1' is defined but never used          no-unused-vars
   24:12  warning  'backToStep2' is defined but never used          no-unused-vars
   36:12  warning  'step2' is defined but never used                no-unused-vars
   46:12  warning  'movebeaker1Step2' is defined but never used     no-unused-vars
   52:5   warning  'myTimeout' is not defined                       no-undef
   55:12  warning  'clickTare1Step2' is defined but never used      no-unused-vars
   61:5   warning  'myTimeout' is not defined                       no-undef
   64:12  warning  'movebeaker2Step2' is defined but never used     no-unused-vars
   70:5   warning  'myTimeout' is not defined                       no-undef
   99:12  warning  'backToStep3' is defined but never used          no-unused-vars
  111:12  warning  'step3' is defined but never used                no-unused-vars
  125:12  warning  'movebeaker1Step3' is defined but never used     no-unused-vars
  132:5   warning  'myTimeout' is not defined                       no-undef
  151:12  warning  'backToStep4' is defined but never used          no-unused-vars
  163:12  warning  'step4' is defined but never used                no-unused-vars
  177:12  warning  'movebeaker1Step4' is defined but never used     no-unused-vars
  184:5   warning  'myTimeout' is not defined                       no-undef
  200:12  warning  'backToStep5' is defined but never used          no-unused-vars
  212:12  warning  'step5' is defined but never used                no-unused-vars
  226:12  warning  'moveplate1Step5' is defined but never used      no-unused-vars
  233:5   warning  'myTimeout' is not defined                       no-undef
  236:12  warning  'clickTare1Step5' is defined but never used      no-unused-vars
  243:5   warning  'myTimeout' is not defined                       no-undef
  264:12  warning  'backToStep6' is defined but never used          no-unused-vars
  276:12  warning  'step6' is defined but never used                no-unused-vars
  290:12  warning  'moveplate1Step6' is defined but never used      no-unused-vars
  297:5   warning  'myTimeout' is not defined                       no-undef
  313:12  warning  'backToStep7' is defined but never used          no-unused-vars
  324:12  warning  'step7' is defined but never used                no-unused-vars
  336:12  warning  'sieveAssemble1Step7' is defined but never used  no-unused-vars
  342:5   warning  'myTimeout' is not defined                       no-undef
  358:12  warning  'backToStep8' is defined but never used          no-unused-vars
  370:12  warning  'step8' is defined but never used                no-unused-vars
  383:12  warning  'moveplate1Step8' is defined but never used      no-unused-vars
  390:5   warning  'myTimeout' is not defined                       no-undef
  406:12  warning  'backToStep9' is defined but never used          no-unused-vars
  418:12  warning  'step9' is defined but never used                no-unused-vars
  431:12  warning  'moveSieves1Step9' is defined but never used     no-unused-vars
  438:5   warning  'myTimeout' is not defined                       no-undef
  442:12  warning  'moveSieves2Step9' is defined but never used     no-unused-vars
  449:5   warning  'myTimeout' is not defined                       no-undef
  452:12  warning  'moveSieves3Step9' is defined but never used     no-unused-vars
  459:5   warning  'myTimeout' is not defined                       no-undef
  462:12  warning  'moveSieves4Step9' is defined but never used     no-unused-vars
  469:5   warning  'myTimeout' is not defined                       no-undef
  472:12  warning  'moveSieves5Step9' is defined but never used     no-unused-vars
  479:5   warning  'myTimeout' is not defined                       no-undef
  523:12  warning  'backToStep10' is defined but never used         no-unused-vars
  535:12  warning  'step10' is defined but never used               no-unused-vars
  548:12  warning  'moveplate1Step10' is defined but never used     no-unused-vars
  555:5   warning  'myTimeout' is not defined                       no-undef
  558:12  warning  'moveplate2Step10' is defined but never used     no-unused-vars
  564:5   warning  'myTimeout' is not defined                       no-undef
  567:12  warning  'moveplate3Step10' is defined but never used     no-unused-vars
  573:5   warning  'myTimeout' is not defined                       no-undef
  576:12  warning  'moveRod1Step10' is defined but never used       no-unused-vars
  582:5   warning  'myTimeout' is not defined                       no-undef
  585:12  warning  'moveRod2Step10' is defined but never used       no-unused-vars
  591:5   warning  'myTimeout' is not defined                       no-undef
  594:12  warning  'moveRod3Step10' is defined but never used       no-unused-vars
  600:5   warning  'myTimeout' is not defined                       no-undef
  603:12  warning  'moveRod4Step10' is defined but never used       no-unused-vars
  609:5   warning  'myTimeout' is not defined                       no-undef
  675:12  warning  'backToStep11' is defined but never used         no-unused-vars
  687:12  warning  'step11' is defined but never used               no-unused-vars
  700:12  warning  'movebeaker1Step11' is defined but never used    no-unused-vars
  707:5   warning  'myTimeout' is not defined                       no-undef
  722:12  warning  'step12' is defined but never used               no-unused-vars
  738:12  warning  'changeResult1Step12' is defined but never used  no-unused-vars
  753:12  warning  'changeResult2Step12' is defined but never used  no-unused-vars
  767:12  warning  'changeResult3Step12' is defined but never used  no-unused-vars
  784:12  warning  'toPostTest' is defined but never used           no-unused-vars

✖ 73 problems (0 errors, 73 warnings)

